2025-04-15 23:01:34,916 - INFO - Conexión IMAP establecida correctamente
2025-04-15 23:01:35,789 - INFO - Total de correos encontrados: 3960
2025-04-15 23:01:39,414 - INFO - Procesando email: +30 empleos nuevos en puebla de zaragoza
2025-04-15 23:01:39,415 - INFO - Email ignorado, no contiene keywords: +30 empleos nuevos en puebla de zaragoza
2025-04-15 23:01:40,701 - INFO - Procesando email: felicidades! te ha tocado mx$1,500 paquete de cupones
2025-04-15 23:01:40,701 - INFO - Email ignorado, no contiene keywords: felicidades! te ha tocado mx$1,500 paquete de cupones
2025-04-15 23:01:48,484 - INFO - Procesando email: solicitud de estadia
2025-04-15 23:01:48,487 - ERROR - Error generando ID y carpeta: [Errno 13] Permission denied: 'solicitudes_estadia.xlsx'
2025-04-15 23:01:48,490 - INFO - CV guardado: F:\Descargas\CVs\fallback_20250415230148\es_sofia_soy_de_la_universidad_tecnologica_ut_chilapa_20250415_230148.pdf
2025-04-15 23:01:48,491 - ERROR - Error guardando en Excel: [Errno 13] Permission denied: 'solicitudes_estadia.xlsx'
2025-04-15 23:01:51,064 - INFO - Procesando email: royer, felipe brodsky tiene una nueva publicacion para ti
2025-04-15 23:01:51,089 - INFO - Email ignorado, no contiene keywords: royer, felipe brodsky tiene una nueva publicacion para ti
2025-04-15 23:01:54,578 - INFO - Procesando email: nuevos cursos, nuevas posibilidades
2025-04-15 23:01:54,579 - INFO - Email ignorado, no contiene keywords: nuevos cursos, nuevas posibilidades
2025-04-15 23:01:56,367 - INFO - Procesando email: royer, tienes novedades sobre tus solicitudes esta semana
2025-04-15 23:01:56,367 - INFO - Email ignorado, no contiene keywords: royer, tienes novedades sobre tus solicitudes esta semana
2025-04-15 23:01:57,358 - INFO - Procesando email: rogelio  garcia garcia, tu cv fue entregado al reclutador,que sigue?
2025-04-15 23:01:57,359 - INFO - Email ignorado, no contiene keywords: rogelio  garcia garcia, tu cv fue entregado al reclutador,que sigue?
2025-04-15 23:01:58,290 - INFO - Procesando email: tu siguiente oportunidad laboralpodria estar aqui
2025-04-15 23:01:58,291 - INFO - Email ignorado, no contiene keywords: tu siguiente oportunidad laboralpodria estar aqui
2025-04-15 23:01:58,989 - INFO - Procesando email: rogelio  garcia garcia, encontramos algo especial para ti
2025-04-15 23:01:58,990 - INFO - Email ignorado, no contiene keywords: rogelio  garcia garcia, encontramos algo especial para ti
2025-04-15 23:01:59,935 - INFO - Procesando email: becario acaba de publicar 4 empleos
2025-04-15 23:01:59,936 - INFO - Email ignorado, no contiene keywords: becario acaba de publicar 4 empleos
2025-04-15 23:02:00,556 - INFO - Procesando email: +30 empleos nuevos en mexico
2025-04-15 23:02:00,557 - INFO - Email ignorado, no contiene keywords: +30 empleos nuevos en mexico
2025-04-15 23:02:01,098 - INFO - Procesando email: suscribete para triunfar con el plan personal.pruebalo gratis hoy mismo.
2025-04-15 23:02:01,098 - INFO - Email ignorado, no contiene keywords: suscribete para triunfar con el plan personal.pruebalo gratis hoy mismo.
2025-04-15 23:02:01,522 - INFO - Procesando email: comer se vuelve una experiencia emocionante si cuentas con $150 de
 descuento
2025-04-15 23:02:01,522 - INFO - Email ignorado, no contiene keywords: comer se vuelve una experiencia emocionante si cuentas con $150 de
 descuento
2025-04-15 23:02:01,923 - INFO - Procesando email: becario acaba de publicar 2 empleos
2025-04-15 23:02:01,923 - INFO - Email ignorado, no contiene keywords: becario acaba de publicar 2 empleos
2025-04-15 23:02:02,594 - INFO - Procesando email: ingeniero de software: javascript fullstack developer - encora inc. y mas
2025-04-15 23:02:02,595 - INFO - Email ignorado, no contiene keywords: ingeniero de software: javascript fullstack developer - encora inc. y mas
2025-04-15 23:02:04,059 - INFO - Procesando email: +30 empleos nuevos en puebla de zaragoza
2025-04-15 23:02:04,060 - INFO - Email ignorado, no contiene keywords: +30 empleos nuevos en puebla de zaragoza
2025-04-15 23:02:05,221 - INFO - Procesando email: roger na..., lo has recibido?
2025-04-15 23:02:05,222 - INFO - Email ignorado, no contiene keywords: roger na..., lo has recibido?
2025-04-15 23:02:05,802 - INFO - Procesando email: royer, anade a santiago fernandez romano
2025-04-15 23:02:05,803 - INFO - Email ignorado, no contiene keywords: royer, anade a santiago fernandez romano
2025-04-15 23:02:07,704 - INFO - Procesando email: nuevos empleos similares a ai training for software engineering en
 outlier
2025-04-15 23:02:07,704 - INFO - Email ignorado, no contiene keywords: nuevos empleos similares a ai training for software engineering en
 outlier
2025-04-15 23:02:08,998 - INFO - Procesando email: royer, impulsa tu carrera y obten un 25% de descuento y 12 clases privadas adicionales
2025-04-15 23:02:08,998 - INFO - Email ignorado, no contiene keywords: royer, impulsa tu carrera y obten un 25% de descuento y 12 clases privadas adicionales
2025-04-15 23:02:11,046 - INFO - Solicitud de detención procesada.
2025-04-15 23:02:11,579 - INFO - Procesando email: estadia profesional
2025-04-15 23:02:11,581 - ERROR - Error generando ID y carpeta: [Errno 13] Permission denied: 'solicitudes_estadia.xlsx'
2025-04-15 23:02:11,584 - INFO - CV guardado: F:\Descargas\CVs\fallback_20250415230211\es_rogelio_nava_estudiante_en_desarrollo_y_20250415_230211.pdf
2025-04-15 23:02:11,585 - ERROR - Error guardando en Excel: [Errno 13] Permission denied: 'solicitudes_estadia.xlsx'
2025-04-15 23:02:11,587 - INFO - Búsqueda detenida por el usuario.
